Analysis & Synthesis report for DecompressorModule
Sat Sep 11 21:27:32 2021
Quartus Prime Version 20.1.1 Build 720 11/11/2020 SJ Lite Edition


---------------------
; Table of Contents ;
---------------------
  1. Legal Notice
  2. Analysis & Synthesis Summary
  3. Analysis & Synthesis Settings
  4. Parallel Compilation
  5. Analysis & Synthesis Source Files Read
  6. Analysis & Synthesis Resource Usage Summary
  7. Analysis & Synthesis Resource Utilization by Entity
  8. Registers Removed During Synthesis
  9. Removed Registers Triggering Further Register Optimizations
 10. General Register Statistics
 11. Parameter Settings for User Entity Instance: Top-level Entity: |topReg
 12. Parameter Settings for User Entity Instance: DecompressorReg:decompressorModule
 13. Parameter Settings for User Entity Instance: DecompressorReg:decompressorModule|ControlUnit:ControlU|FLOPR:instructionReg
 14. Parameter Settings for User Entity Instance: DecompressorReg:decompressorModule|MUX2:branchTaken
 15. Parameter Settings for User Entity Instance: DecompressorReg:decompressorModule|FLOPR:pcReg
 16. Parameter Settings for User Entity Instance: DecompressorReg:decompressorModule|ADD:pcAdd
 17. Parameter Settings for User Entity Instance: DecompressorReg:decompressorModule|ANDModule:pcAnd
 18. Parameter Settings for User Entity Instance: DecompressorReg:decompressorModule|MUX2:tableMux_
 19. Parameter Settings for User Entity Instance: DecompressorReg:decompressorModule|COMPARATOR:comparator
 20. Parameter Settings for User Entity Instance: DecompressorReg:decompressorModule|FLOPR:internalPCReg
 21. Parameter Settings for User Entity Instance: DecompressorReg:decompressorModule|ADD:internalPCAdd
 22. Parameter Settings for User Entity Instance: DecompressorReg:decompressorModule|GratherLess:branchCheck
 23. Parameter Settings for User Entity Instance: DecompressorReg:decompressorModule|MUX2:outMux_
 24. Parameter Settings for User Entity Instance: DecompressorReg:decompressorModule|FLOPR:inputReg
 25. Parameter Settings for User Entity Instance: DecompressorReg:decompressorModule|ADD:dirAdd
 26. Parameter Settings for User Entity Instance: DecompressorReg:decompressorModule|tokenTable:conversionTable
 27. Parameter Settings for User Entity Instance: DecompressorReg:decompressorModule|FLOPR:outputReg2
 28. Parameter Settings for User Entity Instance: DecompressorReg:decompressorModule|FLOPR:outputReg1
 29. Parameter Settings for User Entity Instance: imem:imem
 30. Port Connectivity Checks: "DecompressorReg:decompressorModule|ADD:dirAdd"
 31. Port Connectivity Checks: "DecompressorReg:decompressorModule|ADD:internalPCAdd"
 32. Port Connectivity Checks: "DecompressorReg:decompressorModule|ANDModule:pcAnd"
 33. Port Connectivity Checks: "DecompressorReg:decompressorModule|ADD:pcAdd"
 34. Port Connectivity Checks: "DecompressorReg:decompressorModule|ControlUnit:ControlU"
 35. Port Connectivity Checks: "DecompressorReg:decompressorModule"
 36. Post-Synthesis Netlist Statistics for Top Partition
 37. Elapsed Time Per Partition
 38. Analysis & Synthesis Messages
 39. Analysis & Synthesis Suppressed Messages



----------------
; Legal Notice ;
----------------
Copyright (C) 2020  Intel Corporation. All rights reserved.
Your use of Intel Corporation's design tools, logic functions 
and other software and tools, and any partner logic 
functions, and any output files from any of the foregoing 
(including device programming or simulation files), and any 
associated documentation or information are expressly subject 
to the terms and conditions of the Intel Program License 
Subscription Agreement, the Intel Quartus Prime License Agreement,
the Intel FPGA IP License Agreement, or other applicable license
agreement, including, without limitation, that your use is for
the sole purpose of programming logic devices manufactured by
Intel and sold by Intel or its authorized distributors.  Please
refer to the applicable agreement for further details, at
https://fpgasoftware.intel.com/eula.



+-------------------------------------------------------------------------------+
; Analysis & Synthesis Summary                                                  ;
+---------------------------------+---------------------------------------------+
; Analysis & Synthesis Status     ; Successful - Sat Sep 11 21:27:32 2021       ;
; Quartus Prime Version           ; 20.1.1 Build 720 11/11/2020 SJ Lite Edition ;
; Revision Name                   ; DecompressorModule                          ;
; Top-level Entity Name           ; topReg                                      ;
; Family                          ; Cyclone V                                   ;
; Logic utilization (in ALMs)     ; N/A                                         ;
; Total registers                 ; 0                                           ;
; Total pins                      ; 66                                          ;
; Total virtual pins              ; 0                                           ;
; Total block memory bits         ; 0                                           ;
; Total DSP Blocks                ; 0                                           ;
; Total HSSI RX PCSs              ; 0                                           ;
; Total HSSI PMA RX Deserializers ; 0                                           ;
; Total HSSI TX PCSs              ; 0                                           ;
; Total HSSI PMA TX Serializers   ; 0                                           ;
; Total PLLs                      ; 0                                           ;
; Total DLLs                      ; 0                                           ;
+---------------------------------+---------------------------------------------+


+---------------------------------------------------------------------------------------------------------------------------+
; Analysis & Synthesis Settings                                                                                             ;
+---------------------------------------------------------------------------------+--------------------+--------------------+
; Option                                                                          ; Setting            ; Default Value      ;
+---------------------------------------------------------------------------------+--------------------+--------------------+
; Device                                                                          ; 5CGXFC7C7F23C8     ;                    ;
; Top-level entity name                                                           ; topReg             ; DecompressorModule ;
; Family name                                                                     ; Cyclone V          ; Cyclone V          ;
; Use smart compilation                                                           ; Off                ; Off                ;
; Enable parallel Assembler and Timing Analyzer during compilation                ; On                 ; On                 ;
; Enable compact report table                                                     ; Off                ; Off                ;
; Restructure Multiplexers                                                        ; Auto               ; Auto               ;
; MLAB Add Timing Constraints For Mixed-Port Feed-Through Mode Setting Don't Care ; Off                ; Off                ;
; Create Debugging Nodes for IP Cores                                             ; Off                ; Off                ;
; Preserve fewer node names                                                       ; On                 ; On                 ;
; Intel FPGA IP Evaluation Mode                                                   ; Enable             ; Enable             ;
; Verilog Version                                                                 ; Verilog_2001       ; Verilog_2001       ;
; VHDL Version                                                                    ; VHDL_1993          ; VHDL_1993          ;
; State Machine Processing                                                        ; Auto               ; Auto               ;
; Safe State Machine                                                              ; Off                ; Off                ;
; Extract Verilog State Machines                                                  ; On                 ; On                 ;
; Extract VHDL State Machines                                                     ; On                 ; On                 ;
; Ignore Verilog initial constructs                                               ; Off                ; Off                ;
; Iteration limit for constant Verilog loops                                      ; 5000               ; 5000               ;
; Iteration limit for non-constant Verilog loops                                  ; 250                ; 250                ;
; Add Pass-Through Logic to Inferred RAMs                                         ; On                 ; On                 ;
; Infer RAMs from Raw Logic                                                       ; On                 ; On                 ;
; Parallel Synthesis                                                              ; On                 ; On                 ;
; DSP Block Balancing                                                             ; Auto               ; Auto               ;
; NOT Gate Push-Back                                                              ; On                 ; On                 ;
; Power-Up Don't Care                                                             ; On                 ; On                 ;
; Remove Redundant Logic Cells                                                    ; Off                ; Off                ;
; Remove Duplicate Registers                                                      ; On                 ; On                 ;
; Ignore CARRY Buffers                                                            ; Off                ; Off                ;
; Ignore CASCADE Buffers                                                          ; Off                ; Off                ;
; Ignore GLOBAL Buffers                                                           ; Off                ; Off                ;
; Ignore ROW GLOBAL Buffers                                                       ; Off                ; Off                ;
; Ignore LCELL Buffers                                                            ; Off                ; Off                ;
; Ignore SOFT Buffers                                                             ; On                 ; On                 ;
; Limit AHDL Integers to 32 Bits                                                  ; Off                ; Off                ;
; Optimization Technique                                                          ; Balanced           ; Balanced           ;
; Carry Chain Length                                                              ; 70                 ; 70                 ;
; Auto Carry Chains                                                               ; On                 ; On                 ;
; Auto Open-Drain Pins                                                            ; On                 ; On                 ;
; Perform WYSIWYG Primitive Resynthesis                                           ; Off                ; Off                ;
; Auto ROM Replacement                                                            ; On                 ; On                 ;
; Auto RAM Replacement                                                            ; On                 ; On                 ;
; Auto DSP Block Replacement                                                      ; On                 ; On                 ;
; Auto Shift Register Replacement                                                 ; Auto               ; Auto               ;
; Allow Shift Register Merging across Hierarchies                                 ; Auto               ; Auto               ;
; Auto Clock Enable Replacement                                                   ; On                 ; On                 ;
; Strict RAM Replacement                                                          ; Off                ; Off                ;
; Allow Synchronous Control Signals                                               ; On                 ; On                 ;
; Force Use of Synchronous Clear Signals                                          ; Off                ; Off                ;
; Auto Resource Sharing                                                           ; Off                ; Off                ;
; Allow Any RAM Size For Recognition                                              ; Off                ; Off                ;
; Allow Any ROM Size For Recognition                                              ; Off                ; Off                ;
; Allow Any Shift Register Size For Recognition                                   ; Off                ; Off                ;
; Use LogicLock Constraints during Resource Balancing                             ; On                 ; On                 ;
; Ignore translate_off and synthesis_off directives                               ; Off                ; Off                ;
; Timing-Driven Synthesis                                                         ; On                 ; On                 ;
; Report Parameter Settings                                                       ; On                 ; On                 ;
; Report Source Assignments                                                       ; On                 ; On                 ;
; Report Connectivity Checks                                                      ; On                 ; On                 ;
; Ignore Maximum Fan-Out Assignments                                              ; Off                ; Off                ;
; Synchronization Register Chain Length                                           ; 3                  ; 3                  ;
; Power Optimization During Synthesis                                             ; Normal compilation ; Normal compilation ;
; HDL message level                                                               ; Level2             ; Level2             ;
; Suppress Register Optimization Related Messages                                 ; Off                ; Off                ;
; Number of Removed Registers Reported in Synthesis Report                        ; 5000               ; 5000               ;
; Number of Swept Nodes Reported in Synthesis Report                              ; 5000               ; 5000               ;
; Number of Inverted Registers Reported in Synthesis Report                       ; 100                ; 100                ;
; Clock MUX Protection                                                            ; On                 ; On                 ;
; Auto Gated Clock Conversion                                                     ; Off                ; Off                ;
; Block Design Naming                                                             ; Auto               ; Auto               ;
; SDC constraint protection                                                       ; Off                ; Off                ;
; Synthesis Effort                                                                ; Auto               ; Auto               ;
; Shift Register Replacement - Allow Asynchronous Clear Signal                    ; On                 ; On                 ;
; Pre-Mapping Resynthesis Optimization                                            ; Off                ; Off                ;
; Analysis & Synthesis Message Level                                              ; Medium             ; Medium             ;
; Disable Register Merging Across Hierarchies                                     ; Auto               ; Auto               ;
; Resource Aware Inference For Block RAM                                          ; On                 ; On                 ;
; Automatic Parallel Synthesis                                                    ; On                 ; On                 ;
; Partial Reconfiguration Bitstream ID                                            ; Off                ; Off                ;
+---------------------------------------------------------------------------------+--------------------+--------------------+


+------------------------------------------+
; Parallel Compilation                     ;
+----------------------------+-------------+
; Processors                 ; Number      ;
+----------------------------+-------------+
; Number detected on machine ; 4           ;
; Maximum allowed            ; 2           ;
;                            ;             ;
; Average used               ; 1.00        ;
; Maximum used               ; 1           ;
;                            ;             ;
; Usage by Processor         ; % Time Used ;
;     Processor 1            ; 100.0%      ;
+----------------------------+-------------+


+--------------------------------------------------------------------------------------------------------------------------------------------------------------------------------+
; Analysis & Synthesis Source Files Read                                                                                                                                         ;
+----------------------------------+-----------------+------------------------------+----------------------------------------------------------------------------------+---------+
; File Name with User-Entered Path ; Used in Netlist ; File Type                    ; File Name with Absolute Path                                                     ; Library ;
+----------------------------------+-----------------+------------------------------+----------------------------------------------------------------------------------+---------+
; ../test_processor/imem.sv        ; yes             ; User SystemVerilog HDL File  ; C:/Users/estea/Desktop/TFG/ISA_indep_decode_sys/test_processor/imem.sv           ;         ;
; topReg.sv                        ; yes             ; User SystemVerilog HDL File  ; C:/Users/estea/Desktop/TFG/ISA_indep_decode_sys/decompressor_sys/topReg.sv       ;         ;
; tokenTable.sv                    ; yes             ; User SystemVerilog HDL File  ; C:/Users/estea/Desktop/TFG/ISA_indep_decode_sys/decompressor_sys/tokenTable.sv   ;         ;
; ../test_processor/flopr.sv       ; yes             ; User SystemVerilog HDL File  ; C:/Users/estea/Desktop/TFG/ISA_indep_decode_sys/test_processor/flopr.sv          ;         ;
; ../test_processor/mux2.sv        ; yes             ; User SystemVerilog HDL File  ; C:/Users/estea/Desktop/TFG/ISA_indep_decode_sys/test_processor/mux2.sv           ;         ;
; ../test_processor/adder.sv       ; yes             ; User SystemVerilog HDL File  ; C:/Users/estea/Desktop/TFG/ISA_indep_decode_sys/test_processor/adder.sv          ;         ;
; and.sv                           ; yes             ; User SystemVerilog HDL File  ; C:/Users/estea/Desktop/TFG/ISA_indep_decode_sys/decompressor_sys/and.sv          ;         ;
; controlUnit.sv                   ; yes             ; User SystemVerilog HDL File  ; C:/Users/estea/Desktop/TFG/ISA_indep_decode_sys/decompressor_sys/controlUnit.sv  ;         ;
; comparator.sv                    ; yes             ; User SystemVerilog HDL File  ; C:/Users/estea/Desktop/TFG/ISA_indep_decode_sys/decompressor_sys/comparator.sv   ;         ;
; gratherLess.sv                   ; yes             ; User SystemVerilog HDL File  ; C:/Users/estea/Desktop/TFG/ISA_indep_decode_sys/decompressor_sys/gratherLess.sv  ;         ;
; decompressor.sv                  ; yes             ; User SystemVerilog HDL File  ; C:/Users/estea/Desktop/TFG/ISA_indep_decode_sys/decompressor_sys/decompressor.sv ;         ;
+----------------------------------+-----------------+------------------------------+----------------------------------------------------------------------------------+---------+


+-----------------------------------------------------+
; Analysis & Synthesis Resource Usage Summary         ;
+---------------------------------------------+-------+
; Resource                                    ; Usage ;
+---------------------------------------------+-------+
; Estimate of Logic utilization (ALMs needed) ; 0     ;
;                                             ;       ;
; Combinational ALUT usage for logic          ; 0     ;
;     -- 7 input functions                    ; 0     ;
;     -- 6 input functions                    ; 0     ;
;     -- 5 input functions                    ; 0     ;
;     -- 4 input functions                    ; 0     ;
;     -- <=3 input functions                  ; 0     ;
;                                             ;       ;
; Dedicated logic registers                   ; 0     ;
;                                             ;       ;
; I/O pins                                    ; 66    ;
;                                             ;       ;
; Total DSP Blocks                            ; 0     ;
;                                             ;       ;
; Maximum fan-out node                        ; clk   ;
; Maximum fan-out                             ; 1     ;
; Total fan-out                               ; 66    ;
; Average fan-out                             ; 0.50  ;
+---------------------------------------------+-------+


+----------------------------------------------------------------------------------------------------------------------------------------------------------------------------------------+
; Analysis & Synthesis Resource Utilization by Entity                                                                                                                                    ;
+----------------------------+---------------------+---------------------------+-------------------+------------+------+--------------+---------------------+-------------+--------------+
; Compilation Hierarchy Node ; Combinational ALUTs ; Dedicated Logic Registers ; Block Memory Bits ; DSP Blocks ; Pins ; Virtual Pins ; Full Hierarchy Name ; Entity Name ; Library Name ;
+----------------------------+---------------------+---------------------------+-------------------+------------+------+--------------+---------------------+-------------+--------------+
; |topReg                    ; 0 (0)               ; 0 (0)                     ; 0                 ; 0          ; 66   ; 0            ; |topReg             ; topReg      ; work         ;
+----------------------------+---------------------+---------------------------+-------------------+------------+------+--------------+---------------------+-------------+--------------+
Note: For table entries with two numbers listed, the numbers in parentheses indicate the number of resources of the given type used by the specific entity alone. The numbers listed outside of parentheses indicate the total resources of the given type used by the specific entity and all of its sub-entities in the hierarchy.


+---------------------------------------------------------------------------------------------------------------------------------+
; Registers Removed During Synthesis                                                                                              ;
+-----------------------------------------------------------------------------------+---------------------------------------------+
; Register name                                                                     ; Reason for Removal                          ;
+-----------------------------------------------------------------------------------+---------------------------------------------+
; DecompressorReg:decompressorModule|FLOPR:inputReg|q[0..31]                        ; Stuck at GND due to stuck port data_in      ;
; DecompressorReg:decompressorModule|FLOPR:internalPCReg|q[0..31]                   ; Stuck at GND due to stuck port data_in      ;
; DecompressorReg:decompressorModule|ControlUnit:ControlU|FLOPR:instructionReg|q[0] ; Stuck at GND due to stuck port clock_enable ;
; DecompressorReg:decompressorModule|FLOPR:outputReg2|q[0..31]                      ; Lost fanout                                 ;
; DecompressorReg:decompressorModule|FLOPR:outputReg1|q[0..31]                      ; Stuck at GND due to stuck port data_in      ;
; Total Number of Removed Registers = 129                                           ;                                             ;
+-----------------------------------------------------------------------------------+---------------------------------------------+


+---------------------------------------------------------------------------------------------------------------------------------------------------------------------------------+
; Removed Registers Triggering Further Register Optimizations                                                                                                                     ;
+-----------------------------------------------------------------------------------+--------------------------------+------------------------------------------------------------+
; Register name                                                                     ; Reason for Removal             ; Registers Removed due to This Register                     ;
+-----------------------------------------------------------------------------------+--------------------------------+------------------------------------------------------------+
; DecompressorReg:decompressorModule|FLOPR:inputReg|q[28]                           ; Stuck at GND                   ; DecompressorReg:decompressorModule|FLOPR:outputReg1|q[28], ;
;                                                                                   ; due to stuck port data_in      ; DecompressorReg:decompressorModule|FLOPR:outputReg1|q[27], ;
;                                                                                   ;                                ; DecompressorReg:decompressorModule|FLOPR:outputReg1|q[26], ;
;                                                                                   ;                                ; DecompressorReg:decompressorModule|FLOPR:outputReg1|q[25], ;
;                                                                                   ;                                ; DecompressorReg:decompressorModule|FLOPR:outputReg1|q[24], ;
;                                                                                   ;                                ; DecompressorReg:decompressorModule|FLOPR:outputReg1|q[23], ;
;                                                                                   ;                                ; DecompressorReg:decompressorModule|FLOPR:outputReg1|q[22], ;
;                                                                                   ;                                ; DecompressorReg:decompressorModule|FLOPR:outputReg1|q[21], ;
;                                                                                   ;                                ; DecompressorReg:decompressorModule|FLOPR:outputReg1|q[20], ;
;                                                                                   ;                                ; DecompressorReg:decompressorModule|FLOPR:outputReg1|q[19], ;
;                                                                                   ;                                ; DecompressorReg:decompressorModule|FLOPR:outputReg1|q[18], ;
;                                                                                   ;                                ; DecompressorReg:decompressorModule|FLOPR:outputReg1|q[17], ;
;                                                                                   ;                                ; DecompressorReg:decompressorModule|FLOPR:outputReg1|q[16], ;
;                                                                                   ;                                ; DecompressorReg:decompressorModule|FLOPR:outputReg1|q[15], ;
;                                                                                   ;                                ; DecompressorReg:decompressorModule|FLOPR:outputReg1|q[14], ;
;                                                                                   ;                                ; DecompressorReg:decompressorModule|FLOPR:outputReg1|q[13], ;
;                                                                                   ;                                ; DecompressorReg:decompressorModule|FLOPR:outputReg1|q[12], ;
;                                                                                   ;                                ; DecompressorReg:decompressorModule|FLOPR:outputReg1|q[11], ;
;                                                                                   ;                                ; DecompressorReg:decompressorModule|FLOPR:outputReg1|q[10], ;
;                                                                                   ;                                ; DecompressorReg:decompressorModule|FLOPR:outputReg1|q[9],  ;
;                                                                                   ;                                ; DecompressorReg:decompressorModule|FLOPR:outputReg1|q[8],  ;
;                                                                                   ;                                ; DecompressorReg:decompressorModule|FLOPR:outputReg1|q[7],  ;
;                                                                                   ;                                ; DecompressorReg:decompressorModule|FLOPR:outputReg1|q[6],  ;
;                                                                                   ;                                ; DecompressorReg:decompressorModule|FLOPR:outputReg1|q[5],  ;
;                                                                                   ;                                ; DecompressorReg:decompressorModule|FLOPR:outputReg1|q[4],  ;
;                                                                                   ;                                ; DecompressorReg:decompressorModule|FLOPR:outputReg1|q[3],  ;
;                                                                                   ;                                ; DecompressorReg:decompressorModule|FLOPR:outputReg1|q[2],  ;
;                                                                                   ;                                ; DecompressorReg:decompressorModule|FLOPR:outputReg1|q[1],  ;
;                                                                                   ;                                ; DecompressorReg:decompressorModule|FLOPR:outputReg1|q[0]   ;
; DecompressorReg:decompressorModule|FLOPR:inputReg|q[31]                           ; Stuck at GND                   ; DecompressorReg:decompressorModule|FLOPR:outputReg2|q[31], ;
;                                                                                   ; due to stuck port data_in      ; DecompressorReg:decompressorModule|FLOPR:outputReg1|q[31]  ;
; DecompressorReg:decompressorModule|FLOPR:inputReg|q[30]                           ; Stuck at GND                   ; DecompressorReg:decompressorModule|FLOPR:outputReg2|q[30], ;
;                                                                                   ; due to stuck port data_in      ; DecompressorReg:decompressorModule|FLOPR:outputReg1|q[30]  ;
; DecompressorReg:decompressorModule|FLOPR:inputReg|q[29]                           ; Stuck at GND                   ; DecompressorReg:decompressorModule|FLOPR:outputReg2|q[29], ;
;                                                                                   ; due to stuck port data_in      ; DecompressorReg:decompressorModule|FLOPR:outputReg1|q[29]  ;
; DecompressorReg:decompressorModule|FLOPR:inputReg|q[27]                           ; Stuck at GND                   ; DecompressorReg:decompressorModule|FLOPR:outputReg2|q[27]  ;
;                                                                                   ; due to stuck port data_in      ;                                                            ;
; DecompressorReg:decompressorModule|FLOPR:inputReg|q[26]                           ; Stuck at GND                   ; DecompressorReg:decompressorModule|FLOPR:outputReg2|q[26]  ;
;                                                                                   ; due to stuck port data_in      ;                                                            ;
; DecompressorReg:decompressorModule|FLOPR:inputReg|q[25]                           ; Stuck at GND                   ; DecompressorReg:decompressorModule|FLOPR:outputReg2|q[25]  ;
;                                                                                   ; due to stuck port data_in      ;                                                            ;
; DecompressorReg:decompressorModule|FLOPR:inputReg|q[24]                           ; Stuck at GND                   ; DecompressorReg:decompressorModule|FLOPR:outputReg2|q[24]  ;
;                                                                                   ; due to stuck port data_in      ;                                                            ;
; DecompressorReg:decompressorModule|FLOPR:inputReg|q[23]                           ; Stuck at GND                   ; DecompressorReg:decompressorModule|FLOPR:outputReg2|q[23]  ;
;                                                                                   ; due to stuck port data_in      ;                                                            ;
; DecompressorReg:decompressorModule|FLOPR:inputReg|q[22]                           ; Stuck at GND                   ; DecompressorReg:decompressorModule|FLOPR:outputReg2|q[22]  ;
;                                                                                   ; due to stuck port data_in      ;                                                            ;
; DecompressorReg:decompressorModule|FLOPR:inputReg|q[21]                           ; Stuck at GND                   ; DecompressorReg:decompressorModule|FLOPR:outputReg2|q[21]  ;
;                                                                                   ; due to stuck port data_in      ;                                                            ;
; DecompressorReg:decompressorModule|FLOPR:inputReg|q[20]                           ; Stuck at GND                   ; DecompressorReg:decompressorModule|FLOPR:outputReg2|q[20]  ;
;                                                                                   ; due to stuck port data_in      ;                                                            ;
; DecompressorReg:decompressorModule|FLOPR:inputReg|q[19]                           ; Stuck at GND                   ; DecompressorReg:decompressorModule|FLOPR:outputReg2|q[19]  ;
;                                                                                   ; due to stuck port data_in      ;                                                            ;
; DecompressorReg:decompressorModule|FLOPR:inputReg|q[18]                           ; Stuck at GND                   ; DecompressorReg:decompressorModule|FLOPR:outputReg2|q[18]  ;
;                                                                                   ; due to stuck port data_in      ;                                                            ;
; DecompressorReg:decompressorModule|FLOPR:inputReg|q[17]                           ; Stuck at GND                   ; DecompressorReg:decompressorModule|FLOPR:outputReg2|q[17]  ;
;                                                                                   ; due to stuck port data_in      ;                                                            ;
; DecompressorReg:decompressorModule|FLOPR:inputReg|q[16]                           ; Stuck at GND                   ; DecompressorReg:decompressorModule|FLOPR:outputReg2|q[16]  ;
;                                                                                   ; due to stuck port data_in      ;                                                            ;
; DecompressorReg:decompressorModule|FLOPR:inputReg|q[15]                           ; Stuck at GND                   ; DecompressorReg:decompressorModule|FLOPR:outputReg2|q[15]  ;
;                                                                                   ; due to stuck port data_in      ;                                                            ;
; DecompressorReg:decompressorModule|FLOPR:inputReg|q[14]                           ; Stuck at GND                   ; DecompressorReg:decompressorModule|FLOPR:outputReg2|q[14]  ;
;                                                                                   ; due to stuck port data_in      ;                                                            ;
; DecompressorReg:decompressorModule|FLOPR:inputReg|q[13]                           ; Stuck at GND                   ; DecompressorReg:decompressorModule|FLOPR:outputReg2|q[13]  ;
;                                                                                   ; due to stuck port data_in      ;                                                            ;
; DecompressorReg:decompressorModule|FLOPR:inputReg|q[12]                           ; Stuck at GND                   ; DecompressorReg:decompressorModule|FLOPR:outputReg2|q[12]  ;
;                                                                                   ; due to stuck port data_in      ;                                                            ;
; DecompressorReg:decompressorModule|FLOPR:inputReg|q[11]                           ; Stuck at GND                   ; DecompressorReg:decompressorModule|FLOPR:outputReg2|q[11]  ;
;                                                                                   ; due to stuck port data_in      ;                                                            ;
; DecompressorReg:decompressorModule|FLOPR:inputReg|q[10]                           ; Stuck at GND                   ; DecompressorReg:decompressorModule|FLOPR:outputReg2|q[10]  ;
;                                                                                   ; due to stuck port data_in      ;                                                            ;
; DecompressorReg:decompressorModule|FLOPR:inputReg|q[9]                            ; Stuck at GND                   ; DecompressorReg:decompressorModule|FLOPR:outputReg2|q[9]   ;
;                                                                                   ; due to stuck port data_in      ;                                                            ;
; DecompressorReg:decompressorModule|FLOPR:inputReg|q[8]                            ; Stuck at GND                   ; DecompressorReg:decompressorModule|FLOPR:outputReg2|q[8]   ;
;                                                                                   ; due to stuck port data_in      ;                                                            ;
; DecompressorReg:decompressorModule|FLOPR:inputReg|q[7]                            ; Stuck at GND                   ; DecompressorReg:decompressorModule|FLOPR:outputReg2|q[7]   ;
;                                                                                   ; due to stuck port data_in      ;                                                            ;
; DecompressorReg:decompressorModule|FLOPR:inputReg|q[6]                            ; Stuck at GND                   ; DecompressorReg:decompressorModule|FLOPR:outputReg2|q[6]   ;
;                                                                                   ; due to stuck port data_in      ;                                                            ;
; DecompressorReg:decompressorModule|FLOPR:inputReg|q[5]                            ; Stuck at GND                   ; DecompressorReg:decompressorModule|FLOPR:outputReg2|q[5]   ;
;                                                                                   ; due to stuck port data_in      ;                                                            ;
; DecompressorReg:decompressorModule|FLOPR:inputReg|q[4]                            ; Stuck at GND                   ; DecompressorReg:decompressorModule|FLOPR:outputReg2|q[4]   ;
;                                                                                   ; due to stuck port data_in      ;                                                            ;
; DecompressorReg:decompressorModule|FLOPR:inputReg|q[3]                            ; Stuck at GND                   ; DecompressorReg:decompressorModule|FLOPR:outputReg2|q[3]   ;
;                                                                                   ; due to stuck port data_in      ;                                                            ;
; DecompressorReg:decompressorModule|FLOPR:inputReg|q[2]                            ; Stuck at GND                   ; DecompressorReg:decompressorModule|FLOPR:outputReg2|q[2]   ;
;                                                                                   ; due to stuck port data_in      ;                                                            ;
; DecompressorReg:decompressorModule|FLOPR:inputReg|q[1]                            ; Stuck at GND                   ; DecompressorReg:decompressorModule|FLOPR:outputReg2|q[1]   ;
;                                                                                   ; due to stuck port data_in      ;                                                            ;
; DecompressorReg:decompressorModule|FLOPR:inputReg|q[0]                            ; Stuck at GND                   ; DecompressorReg:decompressorModule|FLOPR:outputReg2|q[0]   ;
;                                                                                   ; due to stuck port data_in      ;                                                            ;
; DecompressorReg:decompressorModule|ControlUnit:ControlU|FLOPR:instructionReg|q[0] ; Stuck at GND                   ; DecompressorReg:decompressorModule|FLOPR:outputReg2|q[28]  ;
;                                                                                   ; due to stuck port clock_enable ;                                                            ;
+-----------------------------------------------------------------------------------+--------------------------------+------------------------------------------------------------+


+------------------------------------------------------+
; General Register Statistics                          ;
+----------------------------------------------+-------+
; Statistic                                    ; Value ;
+----------------------------------------------+-------+
; Total registers                              ; 0     ;
; Number of registers using Synchronous Clear  ; 0     ;
; Number of registers using Synchronous Load   ; 0     ;
; Number of registers using Asynchronous Clear ; 0     ;
; Number of registers using Asynchronous Load  ; 0     ;
; Number of registers using Clock Enable       ; 0     ;
; Number of registers using Preset             ; 0     ;
+----------------------------------------------+-------+


+------------------------------------------------------------------------+
; Parameter Settings for User Entity Instance: Top-level Entity: |topReg ;
+----------------+----------------------------------+--------------------+
; Parameter Name ; Value                            ; Type               ;
+----------------+----------------------------------+--------------------+
; WIDTH          ; 32                               ; Signed Integer     ;
; PCADD          ; 00000000000000000000000000000100 ; Unsigned Binary    ;
; OPcode         ; 1111                             ; Unsigned Binary    ;
; encodeLength   ; 4                                ; Signed Integer     ;
; InitTokenFile  ; tokenTable.dat                   ; String             ;
; memFile        ; memfile.dat                      ; String             ;
; tokenSize      ; 102                              ; Signed Integer     ;
; memSize        ; 102                              ; Signed Integer     ;
+----------------+----------------------------------+--------------------+
Note: In order to hide this table in the UI and the text report file, please set the "Show Parameter Settings in Synthesis Report" option in "Analysis and Synthesis Settings -> More Settings" to "Off".


+---------------------------------------------------------------------------------+
; Parameter Settings for User Entity Instance: DecompressorReg:decompressorModule ;
+----------------+----------------------------------+-----------------------------+
; Parameter Name ; Value                            ; Type                        ;
+----------------+----------------------------------+-----------------------------+
; WIDTH          ; 32                               ; Signed Integer              ;
; PCADD          ; 00000000000000000000000000000100 ; Unsigned Binary             ;
; OPcode         ; 1111                             ; Unsigned Binary             ;
; encodeLength   ; 4                                ; Signed Integer              ;
; InitFile       ; tokenTable.dat                   ; String                      ;
; SIZE           ; 102                              ; Signed Integer              ;
+----------------+----------------------------------+-----------------------------+
Note: In order to hide this table in the UI and the text report file, please set the "Show Parameter Settings in Synthesis Report" option in "Analysis and Synthesis Settings -> More Settings" to "Off".


+---------------------------------------------------------------------------------------------------------------------------+
; Parameter Settings for User Entity Instance: DecompressorReg:decompressorModule|ControlUnit:ControlU|FLOPR:instructionReg ;
+----------------+-------+--------------------------------------------------------------------------------------------------+
; Parameter Name ; Value ; Type                                                                                             ;
+----------------+-------+--------------------------------------------------------------------------------------------------+
; WIDTH          ; 1     ; Signed Integer                                                                                   ;
+----------------+-------+--------------------------------------------------------------------------------------------------+
Note: In order to hide this table in the UI and the text report file, please set the "Show Parameter Settings in Synthesis Report" option in "Analysis and Synthesis Settings -> More Settings" to "Off".


+--------------------------------------------------------------------------------------------------+
; Parameter Settings for User Entity Instance: DecompressorReg:decompressorModule|MUX2:branchTaken ;
+----------------+-------+-------------------------------------------------------------------------+
; Parameter Name ; Value ; Type                                                                    ;
+----------------+-------+-------------------------------------------------------------------------+
; WIDTH          ; 32    ; Signed Integer                                                          ;
+----------------+-------+-------------------------------------------------------------------------+
Note: In order to hide this table in the UI and the text report file, please set the "Show Parameter Settings in Synthesis Report" option in "Analysis and Synthesis Settings -> More Settings" to "Off".


+---------------------------------------------------------------------------------------------+
; Parameter Settings for User Entity Instance: DecompressorReg:decompressorModule|FLOPR:pcReg ;
+----------------+-------+--------------------------------------------------------------------+
; Parameter Name ; Value ; Type                                                               ;
+----------------+-------+--------------------------------------------------------------------+
; WIDTH          ; 32    ; Signed Integer                                                     ;
+----------------+-------+--------------------------------------------------------------------+
Note: In order to hide this table in the UI and the text report file, please set the "Show Parameter Settings in Synthesis Report" option in "Analysis and Synthesis Settings -> More Settings" to "Off".


+-------------------------------------------------------------------------------------------+
; Parameter Settings for User Entity Instance: DecompressorReg:decompressorModule|ADD:pcAdd ;
+----------------+-------+------------------------------------------------------------------+
; Parameter Name ; Value ; Type                                                             ;
+----------------+-------+------------------------------------------------------------------+
; WIDTH          ; 32    ; Signed Integer                                                   ;
+----------------+-------+------------------------------------------------------------------+
Note: In order to hide this table in the UI and the text report file, please set the "Show Parameter Settings in Synthesis Report" option in "Analysis and Synthesis Settings -> More Settings" to "Off".


+-------------------------------------------------------------------------------------------------+
; Parameter Settings for User Entity Instance: DecompressorReg:decompressorModule|ANDModule:pcAnd ;
+----------------+-------+------------------------------------------------------------------------+
; Parameter Name ; Value ; Type                                                                   ;
+----------------+-------+------------------------------------------------------------------------+
; WIDTH          ; 32    ; Signed Integer                                                         ;
+----------------+-------+------------------------------------------------------------------------+
Note: In order to hide this table in the UI and the text report file, please set the "Show Parameter Settings in Synthesis Report" option in "Analysis and Synthesis Settings -> More Settings" to "Off".


+------------------------------------------------------------------------------------------------+
; Parameter Settings for User Entity Instance: DecompressorReg:decompressorModule|MUX2:tableMux_ ;
+----------------+-------+-----------------------------------------------------------------------+
; Parameter Name ; Value ; Type                                                                  ;
+----------------+-------+-----------------------------------------------------------------------+
; WIDTH          ; 32    ; Signed Integer                                                        ;
+----------------+-------+-----------------------------------------------------------------------+
Note: In order to hide this table in the UI and the text report file, please set the "Show Parameter Settings in Synthesis Report" option in "Analysis and Synthesis Settings -> More Settings" to "Off".


+-------------------------------------------------------------------------------------------------------+
; Parameter Settings for User Entity Instance: DecompressorReg:decompressorModule|COMPARATOR:comparator ;
+----------------+-------+------------------------------------------------------------------------------+
; Parameter Name ; Value ; Type                                                                         ;
+----------------+-------+------------------------------------------------------------------------------+
; WIDTH          ; 32    ; Signed Integer                                                               ;
+----------------+-------+------------------------------------------------------------------------------+
Note: In order to hide this table in the UI and the text report file, please set the "Show Parameter Settings in Synthesis Report" option in "Analysis and Synthesis Settings -> More Settings" to "Off".


+-----------------------------------------------------------------------------------------------------+
; Parameter Settings for User Entity Instance: DecompressorReg:decompressorModule|FLOPR:internalPCReg ;
+----------------+-------+----------------------------------------------------------------------------+
; Parameter Name ; Value ; Type                                                                       ;
+----------------+-------+----------------------------------------------------------------------------+
; WIDTH          ; 32    ; Signed Integer                                                             ;
+----------------+-------+----------------------------------------------------------------------------+
Note: In order to hide this table in the UI and the text report file, please set the "Show Parameter Settings in Synthesis Report" option in "Analysis and Synthesis Settings -> More Settings" to "Off".


+---------------------------------------------------------------------------------------------------+
; Parameter Settings for User Entity Instance: DecompressorReg:decompressorModule|ADD:internalPCAdd ;
+----------------+-------+--------------------------------------------------------------------------+
; Parameter Name ; Value ; Type                                                                     ;
+----------------+-------+--------------------------------------------------------------------------+
; WIDTH          ; 32    ; Signed Integer                                                           ;
+----------------+-------+--------------------------------------------------------------------------+
Note: In order to hide this table in the UI and the text report file, please set the "Show Parameter Settings in Synthesis Report" option in "Analysis and Synthesis Settings -> More Settings" to "Off".


+---------------------------------------------------------------------------------------------------------+
; Parameter Settings for User Entity Instance: DecompressorReg:decompressorModule|GratherLess:branchCheck ;
+----------------+-------+--------------------------------------------------------------------------------+
; Parameter Name ; Value ; Type                                                                           ;
+----------------+-------+--------------------------------------------------------------------------------+
; WIDTH          ; 32    ; Signed Integer                                                                 ;
+----------------+-------+--------------------------------------------------------------------------------+
Note: In order to hide this table in the UI and the text report file, please set the "Show Parameter Settings in Synthesis Report" option in "Analysis and Synthesis Settings -> More Settings" to "Off".


+----------------------------------------------------------------------------------------------+
; Parameter Settings for User Entity Instance: DecompressorReg:decompressorModule|MUX2:outMux_ ;
+----------------+-------+---------------------------------------------------------------------+
; Parameter Name ; Value ; Type                                                                ;
+----------------+-------+---------------------------------------------------------------------+
; WIDTH          ; 32    ; Signed Integer                                                      ;
+----------------+-------+---------------------------------------------------------------------+
Note: In order to hide this table in the UI and the text report file, please set the "Show Parameter Settings in Synthesis Report" option in "Analysis and Synthesis Settings -> More Settings" to "Off".


+------------------------------------------------------------------------------------------------+
; Parameter Settings for User Entity Instance: DecompressorReg:decompressorModule|FLOPR:inputReg ;
+----------------+-------+-----------------------------------------------------------------------+
; Parameter Name ; Value ; Type                                                                  ;
+----------------+-------+-----------------------------------------------------------------------+
; WIDTH          ; 32    ; Signed Integer                                                        ;
+----------------+-------+-----------------------------------------------------------------------+
Note: In order to hide this table in the UI and the text report file, please set the "Show Parameter Settings in Synthesis Report" option in "Analysis and Synthesis Settings -> More Settings" to "Off".


+--------------------------------------------------------------------------------------------+
; Parameter Settings for User Entity Instance: DecompressorReg:decompressorModule|ADD:dirAdd ;
+----------------+-------+-------------------------------------------------------------------+
; Parameter Name ; Value ; Type                                                              ;
+----------------+-------+-------------------------------------------------------------------+
; WIDTH          ; 32    ; Signed Integer                                                    ;
+----------------+-------+-------------------------------------------------------------------+
Note: In order to hide this table in the UI and the text report file, please set the "Show Parameter Settings in Synthesis Report" option in "Analysis and Synthesis Settings -> More Settings" to "Off".


+------------------------------------------------------------------------------------------------------------+
; Parameter Settings for User Entity Instance: DecompressorReg:decompressorModule|tokenTable:conversionTable ;
+----------------+----------------+--------------------------------------------------------------------------+
; Parameter Name ; Value          ; Type                                                                     ;
+----------------+----------------+--------------------------------------------------------------------------+
; WIDTH          ; 32             ; Signed Integer                                                           ;
; SIZE           ; 102            ; Signed Integer                                                           ;
; FILE           ; tokenTable.dat ; String                                                                   ;
+----------------+----------------+--------------------------------------------------------------------------+
Note: In order to hide this table in the UI and the text report file, please set the "Show Parameter Settings in Synthesis Report" option in "Analysis and Synthesis Settings -> More Settings" to "Off".


+--------------------------------------------------------------------------------------------------+
; Parameter Settings for User Entity Instance: DecompressorReg:decompressorModule|FLOPR:outputReg2 ;
+----------------+-------+-------------------------------------------------------------------------+
; Parameter Name ; Value ; Type                                                                    ;
+----------------+-------+-------------------------------------------------------------------------+
; WIDTH          ; 32    ; Signed Integer                                                          ;
+----------------+-------+-------------------------------------------------------------------------+
Note: In order to hide this table in the UI and the text report file, please set the "Show Parameter Settings in Synthesis Report" option in "Analysis and Synthesis Settings -> More Settings" to "Off".


+--------------------------------------------------------------------------------------------------+
; Parameter Settings for User Entity Instance: DecompressorReg:decompressorModule|FLOPR:outputReg1 ;
+----------------+-------+-------------------------------------------------------------------------+
; Parameter Name ; Value ; Type                                                                    ;
+----------------+-------+-------------------------------------------------------------------------+
; WIDTH          ; 32    ; Signed Integer                                                          ;
+----------------+-------+-------------------------------------------------------------------------+
Note: In order to hide this table in the UI and the text report file, please set the "Show Parameter Settings in Synthesis Report" option in "Analysis and Synthesis Settings -> More Settings" to "Off".


+--------------------------------------------------------+
; Parameter Settings for User Entity Instance: imem:imem ;
+----------------+-------------+-------------------------+
; Parameter Name ; Value       ; Type                    ;
+----------------+-------------+-------------------------+
; WIDTH          ; 32          ; Signed Integer          ;
; SIZE           ; 102         ; Signed Integer          ;
; FILE           ; memfile.dat ; String                  ;
+----------------+-------------+-------------------------+
Note: In order to hide this table in the UI and the text report file, please set the "Show Parameter Settings in Synthesis Report" option in "Analysis and Synthesis Settings -> More Settings" to "Off".


+---------------------------------------------------------------------------+
; Port Connectivity Checks: "DecompressorReg:decompressorModule|ADD:dirAdd" ;
+----------+-------+----------+---------------------------------------------+
; Port     ; Type  ; Severity ; Details                                     ;
+----------+-------+----------+---------------------------------------------+
; b[31..3] ; Input ; Info     ; Stuck at GND                                ;
; b[1..0]  ; Input ; Info     ; Stuck at GND                                ;
; b[2]     ; Input ; Info     ; Stuck at VCC                                ;
+----------+-------+----------+---------------------------------------------+


+----------------------------------------------------------------------------------+
; Port Connectivity Checks: "DecompressorReg:decompressorModule|ADD:internalPCAdd" ;
+----------+-------+----------+----------------------------------------------------+
; Port     ; Type  ; Severity ; Details                                            ;
+----------+-------+----------+----------------------------------------------------+
; b[31..3] ; Input ; Info     ; Stuck at GND                                       ;
; b[1..0]  ; Input ; Info     ; Stuck at GND                                       ;
; b[2]     ; Input ; Info     ; Stuck at VCC                                       ;
+----------+-------+----------+----------------------------------------------------+


+------------------------------------------------------------------------------------------------------------------------------------------------------------------------+
; Port Connectivity Checks: "DecompressorReg:decompressorModule|ANDModule:pcAnd"                                                                                         ;
+------+--------+----------+---------------------------------------------------------------------------------------------------------------------------------------------+
; Port ; Type   ; Severity ; Details                                                                                                                                     ;
+------+--------+----------+---------------------------------------------------------------------------------------------------------------------------------------------+
; a    ; Input  ; Warning  ; Input port expression (4 bits) is smaller than the input port (32 bits) it drives.  Extra input bit(s) "a[31..4]" will be connected to GND. ;
; b    ; Input  ; Warning  ; Input port expression (4 bits) is smaller than the input port (32 bits) it drives.  Extra input bit(s) "b[31..4]" will be connected to GND. ;
; b    ; Input  ; Info     ; Stuck at VCC                                                                                                                                ;
; c    ; Output ; Warning  ; Output or bidir port (32 bits) is wider than the port expression (1 bits) it drives; bit(s) "c[31..1]" have no fanouts                      ;
+------+--------+----------+---------------------------------------------------------------------------------------------------------------------------------------------+


+--------------------------------------------------------------------------+
; Port Connectivity Checks: "DecompressorReg:decompressorModule|ADD:pcAdd" ;
+----------+-------+----------+--------------------------------------------+
; Port     ; Type  ; Severity ; Details                                    ;
+----------+-------+----------+--------------------------------------------+
; b[31..3] ; Input ; Info     ; Stuck at GND                               ;
; b[1..0]  ; Input ; Info     ; Stuck at GND                               ;
; b[2]     ; Input ; Info     ; Stuck at VCC                               ;
+----------+-------+----------+--------------------------------------------+


+--------------------------------------------------------------------------------------------------------------------+
; Port Connectivity Checks: "DecompressorReg:decompressorModule|ControlUnit:ControlU"                                ;
+----------+--------+----------+-------------------------------------------------------------------------------------+
; Port     ; Type   ; Severity ; Details                                                                             ;
+----------+--------+----------+-------------------------------------------------------------------------------------+
; PCintern ; Output ; Info     ; Connected to dangling logic. Logic that only feeds a dangling port will be removed. ;
+----------+--------+----------+-------------------------------------------------------------------------------------+


+---------------------------------------------------------------------------------------------------------------------+
; Port Connectivity Checks: "DecompressorReg:decompressorModule"                                                      ;
+-----------+--------+----------+-------------------------------------------------------------------------------------+
; Port      ; Type   ; Severity ; Details                                                                             ;
+-----------+--------+----------+-------------------------------------------------------------------------------------+
; PCcpu     ; Output ; Info     ; Connected to dangling logic. Logic that only feeds a dangling port will be removed. ;
; NextInstr ; Output ; Info     ; Connected to dangling logic. Logic that only feeds a dangling port will be removed. ;
; WriteData ; Output ; Info     ; Connected to dangling logic. Logic that only feeds a dangling port will be removed. ;
+-----------+--------+----------+-------------------------------------------------------------------------------------+


+-----------------------------------------------------+
; Post-Synthesis Netlist Statistics for Top Partition ;
+-----------------------+-----------------------------+
; Type                  ; Count                       ;
+-----------------------+-----------------------------+
; arriav_lcell_comb     ; 1                           ;
;     normal            ; 1                           ;
;         0 data inputs ; 1                           ;
; boundary_port         ; 66                          ;
;                       ;                             ;
; Max LUT depth         ; 0.00                        ;
; Average LUT depth     ; 0.00                        ;
+-----------------------+-----------------------------+


+-------------------------------+
; Elapsed Time Per Partition    ;
+----------------+--------------+
; Partition Name ; Elapsed Time ;
+----------------+--------------+
; Top            ; 00:00:01     ;
+----------------+--------------+


+-------------------------------+
; Analysis & Synthesis Messages ;
+-------------------------------+
Info: *******************************************************************
Info: Running Quartus Prime Analysis & Synthesis
    Info: Version 20.1.1 Build 720 11/11/2020 SJ Lite Edition
    Info: Processing started: Sat Sep 11 21:27:08 2021
Info: Command: quartus_map --read_settings_files=on --write_settings_files=off DecompressorModule -c DecompressorModule
Warning (18236): Number of processors has not been specified which may cause overloading on shared machines.  Set the global assignment NUM_PARALLEL_PROCESSORS in your QSF to an appropriate value for best performance.
Info (20030): Parallel compilation is enabled and will use 2 of the 2 processors detected
Info (12021): Found 1 design units, including 1 entities, in source file /users/estea/desktop/tfg/isa_indep_decode_sys/test_processor/imem.sv
    Info (12023): Found entity 1: imem File: C:/Users/estea/Desktop/TFG/ISA_indep_decode_sys/test_processor/imem.sv Line: 1
Info (12021): Found 1 design units, including 1 entities, in source file topreg.sv
    Info (12023): Found entity 1: topReg File: C:/Users/estea/Desktop/TFG/ISA_indep_decode_sys/decompressor_sys/topReg.sv Line: 1
Info (12021): Found 1 design units, including 1 entities, in source file tokentable.sv
    Info (12023): Found entity 1: tokenTable File: C:/Users/estea/Desktop/TFG/ISA_indep_decode_sys/decompressor_sys/tokenTable.sv Line: 1
Info (12021): Found 1 design units, including 1 entities, in source file /users/estea/desktop/tfg/isa_indep_decode_sys/test_processor/flopr.sv
    Info (12023): Found entity 1: FLOPR File: C:/Users/estea/Desktop/TFG/ISA_indep_decode_sys/test_processor/flopr.sv Line: 1
Info (12021): Found 1 design units, including 1 entities, in source file /users/estea/desktop/tfg/isa_indep_decode_sys/test_processor/mux2.sv
    Info (12023): Found entity 1: MUX2 File: C:/Users/estea/Desktop/TFG/ISA_indep_decode_sys/test_processor/mux2.sv Line: 1
Info (12021): Found 1 design units, including 1 entities, in source file /users/estea/desktop/tfg/isa_indep_decode_sys/test_processor/adder.sv
    Info (12023): Found entity 1: ADD File: C:/Users/estea/Desktop/TFG/ISA_indep_decode_sys/test_processor/adder.sv Line: 1
Info (12021): Found 1 design units, including 1 entities, in source file and.sv
    Info (12023): Found entity 1: ANDModule File: C:/Users/estea/Desktop/TFG/ISA_indep_decode_sys/decompressor_sys/and.sv Line: 1
Info (12021): Found 1 design units, including 1 entities, in source file controlunit.sv
    Info (12023): Found entity 1: ControlUnit File: C:/Users/estea/Desktop/TFG/ISA_indep_decode_sys/decompressor_sys/controlUnit.sv Line: 1
Info (12021): Found 1 design units, including 1 entities, in source file comparator.sv
    Info (12023): Found entity 1: COMPARATOR File: C:/Users/estea/Desktop/TFG/ISA_indep_decode_sys/decompressor_sys/comparator.sv Line: 11
Info (12021): Found 1 design units, including 1 entities, in source file gratherless.sv
    Info (12023): Found entity 1: GratherLess File: C:/Users/estea/Desktop/TFG/ISA_indep_decode_sys/decompressor_sys/gratherLess.sv Line: 1
Info (12021): Found 1 design units, including 1 entities, in source file decompressor.sv
    Info (12023): Found entity 1: DecompressorReg File: C:/Users/estea/Desktop/TFG/ISA_indep_decode_sys/decompressor_sys/decompressor.sv Line: 1
Info (12127): Elaborating entity "topReg" for the top level hierarchy
Info (12128): Elaborating entity "DecompressorReg" for hierarchy "DecompressorReg:decompressorModule" File: C:/Users/estea/Desktop/TFG/ISA_indep_decode_sys/decompressor_sys/topReg.sv Line: 18
Info (12128): Elaborating entity "ControlUnit" for hierarchy "DecompressorReg:decompressorModule|ControlUnit:ControlU" File: C:/Users/estea/Desktop/TFG/ISA_indep_decode_sys/decompressor_sys/decompressor.sv Line: 18
Info (12128): Elaborating entity "FLOPR" for hierarchy "DecompressorReg:decompressorModule|ControlUnit:ControlU|FLOPR:instructionReg" File: C:/Users/estea/Desktop/TFG/ISA_indep_decode_sys/decompressor_sys/controlUnit.sv Line: 7
Info (12128): Elaborating entity "MUX2" for hierarchy "DecompressorReg:decompressorModule|MUX2:branchTaken" File: C:/Users/estea/Desktop/TFG/ISA_indep_decode_sys/decompressor_sys/decompressor.sv Line: 23
Info (12128): Elaborating entity "FLOPR" for hierarchy "DecompressorReg:decompressorModule|FLOPR:pcReg" File: C:/Users/estea/Desktop/TFG/ISA_indep_decode_sys/decompressor_sys/decompressor.sv Line: 24
Info (12128): Elaborating entity "ADD" for hierarchy "DecompressorReg:decompressorModule|ADD:pcAdd" File: C:/Users/estea/Desktop/TFG/ISA_indep_decode_sys/decompressor_sys/decompressor.sv Line: 25
Info (12128): Elaborating entity "ANDModule" for hierarchy "DecompressorReg:decompressorModule|ANDModule:pcAnd" File: C:/Users/estea/Desktop/TFG/ISA_indep_decode_sys/decompressor_sys/decompressor.sv Line: 28
Info (12128): Elaborating entity "COMPARATOR" for hierarchy "DecompressorReg:decompressorModule|COMPARATOR:comparator" File: C:/Users/estea/Desktop/TFG/ISA_indep_decode_sys/decompressor_sys/decompressor.sv Line: 35
Info (12128): Elaborating entity "GratherLess" for hierarchy "DecompressorReg:decompressorModule|GratherLess:branchCheck" File: C:/Users/estea/Desktop/TFG/ISA_indep_decode_sys/decompressor_sys/decompressor.sv Line: 38
Info (12128): Elaborating entity "tokenTable" for hierarchy "DecompressorReg:decompressorModule|tokenTable:conversionTable" File: C:/Users/estea/Desktop/TFG/ISA_indep_decode_sys/decompressor_sys/decompressor.sv Line: 48
Warning (10850): Verilog HDL warning at tokenTable.sv(11): number of words (23) in memory file does not match the number of elements in the address range [0:101] File: C:/Users/estea/Desktop/TFG/ISA_indep_decode_sys/decompressor_sys/tokenTable.sv Line: 11
Info (12128): Elaborating entity "imem" for hierarchy "imem:imem" File: C:/Users/estea/Desktop/TFG/ISA_indep_decode_sys/decompressor_sys/topReg.sv Line: 21
Warning (10850): Verilog HDL warning at imem.sv(10): number of words (23) in memory file does not match the number of elements in the address range [0:101] File: C:/Users/estea/Desktop/TFG/ISA_indep_decode_sys/test_processor/imem.sv Line: 10
Warning (10030): Net "ROM.data_a" at imem.sv(7) has no driver or initial value, using a default initial value '0' File: C:/Users/estea/Desktop/TFG/ISA_indep_decode_sys/test_processor/imem.sv Line: 7
Warning (10030): Net "ROM.waddr_a" at imem.sv(7) has no driver or initial value, using a default initial value '0' File: C:/Users/estea/Desktop/TFG/ISA_indep_decode_sys/test_processor/imem.sv Line: 7
Warning (10030): Net "ROM.we_a" at imem.sv(7) has no driver or initial value, using a default initial value '0' File: C:/Users/estea/Desktop/TFG/ISA_indep_decode_sys/test_processor/imem.sv Line: 7
Warning (12011): Net is missing source, defaulting to GND
    Warning (12110): Net "DecompressorReg:decompressorModule|PCcpu[31]" is missing source, defaulting to GND File: C:/Users/estea/Desktop/TFG/ISA_indep_decode_sys/decompressor_sys/decompressor.sv Line: 8
    Warning (12110): Net "DecompressorReg:decompressorModule|PCcpu[30]" is missing source, defaulting to GND File: C:/Users/estea/Desktop/TFG/ISA_indep_decode_sys/decompressor_sys/decompressor.sv Line: 8
    Warning (12110): Net "DecompressorReg:decompressorModule|PCcpu[29]" is missing source, defaulting to GND File: C:/Users/estea/Desktop/TFG/ISA_indep_decode_sys/decompressor_sys/decompressor.sv Line: 8
    Warning (12110): Net "DecompressorReg:decompressorModule|PCcpu[28]" is missing source, defaulting to GND File: C:/Users/estea/Desktop/TFG/ISA_indep_decode_sys/decompressor_sys/decompressor.sv Line: 8
    Warning (12110): Net "DecompressorReg:decompressorModule|PCcpu[27]" is missing source, defaulting to GND File: C:/Users/estea/Desktop/TFG/ISA_indep_decode_sys/decompressor_sys/decompressor.sv Line: 8
    Warning (12110): Net "DecompressorReg:decompressorModule|PCcpu[26]" is missing source, defaulting to GND File: C:/Users/estea/Desktop/TFG/ISA_indep_decode_sys/decompressor_sys/decompressor.sv Line: 8
    Warning (12110): Net "DecompressorReg:decompressorModule|PCcpu[25]" is missing source, defaulting to GND File: C:/Users/estea/Desktop/TFG/ISA_indep_decode_sys/decompressor_sys/decompressor.sv Line: 8
    Warning (12110): Net "DecompressorReg:decompressorModule|PCcpu[24]" is missing source, defaulting to GND File: C:/Users/estea/Desktop/TFG/ISA_indep_decode_sys/decompressor_sys/decompressor.sv Line: 8
    Warning (12110): Net "DecompressorReg:decompressorModule|PCcpu[23]" is missing source, defaulting to GND File: C:/Users/estea/Desktop/TFG/ISA_indep_decode_sys/decompressor_sys/decompressor.sv Line: 8
    Warning (12110): Net "DecompressorReg:decompressorModule|PCcpu[22]" is missing source, defaulting to GND File: C:/Users/estea/Desktop/TFG/ISA_indep_decode_sys/decompressor_sys/decompressor.sv Line: 8
    Warning (12110): Net "DecompressorReg:decompressorModule|PCcpu[21]" is missing source, defaulting to GND File: C:/Users/estea/Desktop/TFG/ISA_indep_decode_sys/decompressor_sys/decompressor.sv Line: 8
    Warning (12110): Net "DecompressorReg:decompressorModule|PCcpu[20]" is missing source, defaulting to GND File: C:/Users/estea/Desktop/TFG/ISA_indep_decode_sys/decompressor_sys/decompressor.sv Line: 8
    Warning (12110): Net "DecompressorReg:decompressorModule|PCcpu[19]" is missing source, defaulting to GND File: C:/Users/estea/Desktop/TFG/ISA_indep_decode_sys/decompressor_sys/decompressor.sv Line: 8
    Warning (12110): Net "DecompressorReg:decompressorModule|PCcpu[18]" is missing source, defaulting to GND File: C:/Users/estea/Desktop/TFG/ISA_indep_decode_sys/decompressor_sys/decompressor.sv Line: 8
    Warning (12110): Net "DecompressorReg:decompressorModule|PCcpu[17]" is missing source, defaulting to GND File: C:/Users/estea/Desktop/TFG/ISA_indep_decode_sys/decompressor_sys/decompressor.sv Line: 8
    Warning (12110): Net "DecompressorReg:decompressorModule|PCcpu[16]" is missing source, defaulting to GND File: C:/Users/estea/Desktop/TFG/ISA_indep_decode_sys/decompressor_sys/decompressor.sv Line: 8
    Warning (12110): Net "DecompressorReg:decompressorModule|PCcpu[15]" is missing source, defaulting to GND File: C:/Users/estea/Desktop/TFG/ISA_indep_decode_sys/decompressor_sys/decompressor.sv Line: 8
    Warning (12110): Net "DecompressorReg:decompressorModule|PCcpu[14]" is missing source, defaulting to GND File: C:/Users/estea/Desktop/TFG/ISA_indep_decode_sys/decompressor_sys/decompressor.sv Line: 8
    Warning (12110): Net "DecompressorReg:decompressorModule|PCcpu[13]" is missing source, defaulting to GND File: C:/Users/estea/Desktop/TFG/ISA_indep_decode_sys/decompressor_sys/decompressor.sv Line: 8
    Warning (12110): Net "DecompressorReg:decompressorModule|PCcpu[12]" is missing source, defaulting to GND File: C:/Users/estea/Desktop/TFG/ISA_indep_decode_sys/decompressor_sys/decompressor.sv Line: 8
    Warning (12110): Net "DecompressorReg:decompressorModule|PCcpu[11]" is missing source, defaulting to GND File: C:/Users/estea/Desktop/TFG/ISA_indep_decode_sys/decompressor_sys/decompressor.sv Line: 8
    Warning (12110): Net "DecompressorReg:decompressorModule|PCcpu[10]" is missing source, defaulting to GND File: C:/Users/estea/Desktop/TFG/ISA_indep_decode_sys/decompressor_sys/decompressor.sv Line: 8
    Warning (12110): Net "DecompressorReg:decompressorModule|PCcpu[9]" is missing source, defaulting to GND File: C:/Users/estea/Desktop/TFG/ISA_indep_decode_sys/decompressor_sys/decompressor.sv Line: 8
    Warning (12110): Net "DecompressorReg:decompressorModule|PCcpu[8]" is missing source, defaulting to GND File: C:/Users/estea/Desktop/TFG/ISA_indep_decode_sys/decompressor_sys/decompressor.sv Line: 8
    Warning (12110): Net "DecompressorReg:decompressorModule|PCcpu[7]" is missing source, defaulting to GND File: C:/Users/estea/Desktop/TFG/ISA_indep_decode_sys/decompressor_sys/decompressor.sv Line: 8
    Warning (12110): Net "DecompressorReg:decompressorModule|PCcpu[6]" is missing source, defaulting to GND File: C:/Users/estea/Desktop/TFG/ISA_indep_decode_sys/decompressor_sys/decompressor.sv Line: 8
    Warning (12110): Net "DecompressorReg:decompressorModule|PCcpu[5]" is missing source, defaulting to GND File: C:/Users/estea/Desktop/TFG/ISA_indep_decode_sys/decompressor_sys/decompressor.sv Line: 8
    Warning (12110): Net "DecompressorReg:decompressorModule|PCcpu[4]" is missing source, defaulting to GND File: C:/Users/estea/Desktop/TFG/ISA_indep_decode_sys/decompressor_sys/decompressor.sv Line: 8
    Warning (12110): Net "DecompressorReg:decompressorModule|PCcpu[3]" is missing source, defaulting to GND File: C:/Users/estea/Desktop/TFG/ISA_indep_decode_sys/decompressor_sys/decompressor.sv Line: 8
    Warning (12110): Net "DecompressorReg:decompressorModule|PCcpu[2]" is missing source, defaulting to GND File: C:/Users/estea/Desktop/TFG/ISA_indep_decode_sys/decompressor_sys/decompressor.sv Line: 8
    Warning (12110): Net "DecompressorReg:decompressorModule|PCcpu[1]" is missing source, defaulting to GND File: C:/Users/estea/Desktop/TFG/ISA_indep_decode_sys/decompressor_sys/decompressor.sv Line: 8
    Warning (12110): Net "DecompressorReg:decompressorModule|PCcpu[0]" is missing source, defaulting to GND File: C:/Users/estea/Desktop/TFG/ISA_indep_decode_sys/decompressor_sys/decompressor.sv Line: 8
Warning (12241): 1 hierarchies have connectivity warnings - see the Connectivity Checks report folder
Warning (13024): Output pins are stuck at VCC or GND
    Warning (13410): Pin "DecompressInstr[0]" is stuck at GND File: C:/Users/estea/Desktop/TFG/ISA_indep_decode_sys/decompressor_sys/topReg.sv Line: 11
    Warning (13410): Pin "DecompressInstr[1]" is stuck at GND File: C:/Users/estea/Desktop/TFG/ISA_indep_decode_sys/decompressor_sys/topReg.sv Line: 11
    Warning (13410): Pin "DecompressInstr[2]" is stuck at GND File: C:/Users/estea/Desktop/TFG/ISA_indep_decode_sys/decompressor_sys/topReg.sv Line: 11
    Warning (13410): Pin "DecompressInstr[3]" is stuck at GND File: C:/Users/estea/Desktop/TFG/ISA_indep_decode_sys/decompressor_sys/topReg.sv Line: 11
    Warning (13410): Pin "DecompressInstr[4]" is stuck at GND File: C:/Users/estea/Desktop/TFG/ISA_indep_decode_sys/decompressor_sys/topReg.sv Line: 11
    Warning (13410): Pin "DecompressInstr[5]" is stuck at GND File: C:/Users/estea/Desktop/TFG/ISA_indep_decode_sys/decompressor_sys/topReg.sv Line: 11
    Warning (13410): Pin "DecompressInstr[6]" is stuck at GND File: C:/Users/estea/Desktop/TFG/ISA_indep_decode_sys/decompressor_sys/topReg.sv Line: 11
    Warning (13410): Pin "DecompressInstr[7]" is stuck at GND File: C:/Users/estea/Desktop/TFG/ISA_indep_decode_sys/decompressor_sys/topReg.sv Line: 11
    Warning (13410): Pin "DecompressInstr[8]" is stuck at GND File: C:/Users/estea/Desktop/TFG/ISA_indep_decode_sys/decompressor_sys/topReg.sv Line: 11
    Warning (13410): Pin "DecompressInstr[9]" is stuck at GND File: C:/Users/estea/Desktop/TFG/ISA_indep_decode_sys/decompressor_sys/topReg.sv Line: 11
    Warning (13410): Pin "DecompressInstr[10]" is stuck at GND File: C:/Users/estea/Desktop/TFG/ISA_indep_decode_sys/decompressor_sys/topReg.sv Line: 11
    Warning (13410): Pin "DecompressInstr[11]" is stuck at GND File: C:/Users/estea/Desktop/TFG/ISA_indep_decode_sys/decompressor_sys/topReg.sv Line: 11
    Warning (13410): Pin "DecompressInstr[12]" is stuck at GND File: C:/Users/estea/Desktop/TFG/ISA_indep_decode_sys/decompressor_sys/topReg.sv Line: 11
    Warning (13410): Pin "DecompressInstr[13]" is stuck at GND File: C:/Users/estea/Desktop/TFG/ISA_indep_decode_sys/decompressor_sys/topReg.sv Line: 11
    Warning (13410): Pin "DecompressInstr[14]" is stuck at GND File: C:/Users/estea/Desktop/TFG/ISA_indep_decode_sys/decompressor_sys/topReg.sv Line: 11
    Warning (13410): Pin "DecompressInstr[15]" is stuck at GND File: C:/Users/estea/Desktop/TFG/ISA_indep_decode_sys/decompressor_sys/topReg.sv Line: 11
    Warning (13410): Pin "DecompressInstr[16]" is stuck at GND File: C:/Users/estea/Desktop/TFG/ISA_indep_decode_sys/decompressor_sys/topReg.sv Line: 11
    Warning (13410): Pin "DecompressInstr[17]" is stuck at GND File: C:/Users/estea/Desktop/TFG/ISA_indep_decode_sys/decompressor_sys/topReg.sv Line: 11
    Warning (13410): Pin "DecompressInstr[18]" is stuck at GND File: C:/Users/estea/Desktop/TFG/ISA_indep_decode_sys/decompressor_sys/topReg.sv Line: 11
    Warning (13410): Pin "DecompressInstr[19]" is stuck at GND File: C:/Users/estea/Desktop/TFG/ISA_indep_decode_sys/decompressor_sys/topReg.sv Line: 11
    Warning (13410): Pin "DecompressInstr[20]" is stuck at GND File: C:/Users/estea/Desktop/TFG/ISA_indep_decode_sys/decompressor_sys/topReg.sv Line: 11
    Warning (13410): Pin "DecompressInstr[21]" is stuck at GND File: C:/Users/estea/Desktop/TFG/ISA_indep_decode_sys/decompressor_sys/topReg.sv Line: 11
    Warning (13410): Pin "DecompressInstr[22]" is stuck at GND File: C:/Users/estea/Desktop/TFG/ISA_indep_decode_sys/decompressor_sys/topReg.sv Line: 11
    Warning (13410): Pin "DecompressInstr[23]" is stuck at GND File: C:/Users/estea/Desktop/TFG/ISA_indep_decode_sys/decompressor_sys/topReg.sv Line: 11
    Warning (13410): Pin "DecompressInstr[24]" is stuck at GND File: C:/Users/estea/Desktop/TFG/ISA_indep_decode_sys/decompressor_sys/topReg.sv Line: 11
    Warning (13410): Pin "DecompressInstr[25]" is stuck at GND File: C:/Users/estea/Desktop/TFG/ISA_indep_decode_sys/decompressor_sys/topReg.sv Line: 11
    Warning (13410): Pin "DecompressInstr[26]" is stuck at GND File: C:/Users/estea/Desktop/TFG/ISA_indep_decode_sys/decompressor_sys/topReg.sv Line: 11
    Warning (13410): Pin "DecompressInstr[27]" is stuck at GND File: C:/Users/estea/Desktop/TFG/ISA_indep_decode_sys/decompressor_sys/topReg.sv Line: 11
    Warning (13410): Pin "DecompressInstr[28]" is stuck at GND File: C:/Users/estea/Desktop/TFG/ISA_indep_decode_sys/decompressor_sys/topReg.sv Line: 11
    Warning (13410): Pin "DecompressInstr[29]" is stuck at GND File: C:/Users/estea/Desktop/TFG/ISA_indep_decode_sys/decompressor_sys/topReg.sv Line: 11
    Warning (13410): Pin "DecompressInstr[30]" is stuck at GND File: C:/Users/estea/Desktop/TFG/ISA_indep_decode_sys/decompressor_sys/topReg.sv Line: 11
    Warning (13410): Pin "DecompressInstr[31]" is stuck at GND File: C:/Users/estea/Desktop/TFG/ISA_indep_decode_sys/decompressor_sys/topReg.sv Line: 11
Info (17049): 32 registers lost all their fanouts during netlist optimizations.
Info (144001): Generated suppressed messages file C:/Users/estea/Desktop/TFG/ISA_indep_decode_sys/decompressor_sys/output_files/DecompressorModule.map.smsg
Info (16010): Generating hard_block partition "hard_block:auto_generated_inst"
    Info (16011): Adding 0 node(s), including 0 DDIO, 0 PLL, 0 transceiver and 0 LCELL
Warning (21074): Design contains 34 input pin(s) that do not drive logic
    Warning (15610): No output dependent on input pin "clk" File: C:/Users/estea/Desktop/TFG/ISA_indep_decode_sys/decompressor_sys/topReg.sv Line: 9
    Warning (15610): No output dependent on input pin "reset" File: C:/Users/estea/Desktop/TFG/ISA_indep_decode_sys/decompressor_sys/topReg.sv Line: 9
    Warning (15610): No output dependent on input pin "PCcpu[0]" File: C:/Users/estea/Desktop/TFG/ISA_indep_decode_sys/decompressor_sys/topReg.sv Line: 10
    Warning (15610): No output dependent on input pin "PCcpu[1]" File: C:/Users/estea/Desktop/TFG/ISA_indep_decode_sys/decompressor_sys/topReg.sv Line: 10
    Warning (15610): No output dependent on input pin "PCcpu[2]" File: C:/Users/estea/Desktop/TFG/ISA_indep_decode_sys/decompressor_sys/topReg.sv Line: 10
    Warning (15610): No output dependent on input pin "PCcpu[3]" File: C:/Users/estea/Desktop/TFG/ISA_indep_decode_sys/decompressor_sys/topReg.sv Line: 10
    Warning (15610): No output dependent on input pin "PCcpu[4]" File: C:/Users/estea/Desktop/TFG/ISA_indep_decode_sys/decompressor_sys/topReg.sv Line: 10
    Warning (15610): No output dependent on input pin "PCcpu[5]" File: C:/Users/estea/Desktop/TFG/ISA_indep_decode_sys/decompressor_sys/topReg.sv Line: 10
    Warning (15610): No output dependent on input pin "PCcpu[6]" File: C:/Users/estea/Desktop/TFG/ISA_indep_decode_sys/decompressor_sys/topReg.sv Line: 10
    Warning (15610): No output dependent on input pin "PCcpu[7]" File: C:/Users/estea/Desktop/TFG/ISA_indep_decode_sys/decompressor_sys/topReg.sv Line: 10
    Warning (15610): No output dependent on input pin "PCcpu[8]" File: C:/Users/estea/Desktop/TFG/ISA_indep_decode_sys/decompressor_sys/topReg.sv Line: 10
    Warning (15610): No output dependent on input pin "PCcpu[9]" File: C:/Users/estea/Desktop/TFG/ISA_indep_decode_sys/decompressor_sys/topReg.sv Line: 10
    Warning (15610): No output dependent on input pin "PCcpu[10]" File: C:/Users/estea/Desktop/TFG/ISA_indep_decode_sys/decompressor_sys/topReg.sv Line: 10
    Warning (15610): No output dependent on input pin "PCcpu[11]" File: C:/Users/estea/Desktop/TFG/ISA_indep_decode_sys/decompressor_sys/topReg.sv Line: 10
    Warning (15610): No output dependent on input pin "PCcpu[12]" File: C:/Users/estea/Desktop/TFG/ISA_indep_decode_sys/decompressor_sys/topReg.sv Line: 10
    Warning (15610): No output dependent on input pin "PCcpu[13]" File: C:/Users/estea/Desktop/TFG/ISA_indep_decode_sys/decompressor_sys/topReg.sv Line: 10
    Warning (15610): No output dependent on input pin "PCcpu[14]" File: C:/Users/estea/Desktop/TFG/ISA_indep_decode_sys/decompressor_sys/topReg.sv Line: 10
    Warning (15610): No output dependent on input pin "PCcpu[15]" File: C:/Users/estea/Desktop/TFG/ISA_indep_decode_sys/decompressor_sys/topReg.sv Line: 10
    Warning (15610): No output dependent on input pin "PCcpu[16]" File: C:/Users/estea/Desktop/TFG/ISA_indep_decode_sys/decompressor_sys/topReg.sv Line: 10
    Warning (15610): No output dependent on input pin "PCcpu[17]" File: C:/Users/estea/Desktop/TFG/ISA_indep_decode_sys/decompressor_sys/topReg.sv Line: 10
    Warning (15610): No output dependent on input pin "PCcpu[18]" File: C:/Users/estea/Desktop/TFG/ISA_indep_decode_sys/decompressor_sys/topReg.sv Line: 10
    Warning (15610): No output dependent on input pin "PCcpu[19]" File: C:/Users/estea/Desktop/TFG/ISA_indep_decode_sys/decompressor_sys/topReg.sv Line: 10
    Warning (15610): No output dependent on input pin "PCcpu[20]" File: C:/Users/estea/Desktop/TFG/ISA_indep_decode_sys/decompressor_sys/topReg.sv Line: 10
    Warning (15610): No output dependent on input pin "PCcpu[21]" File: C:/Users/estea/Desktop/TFG/ISA_indep_decode_sys/decompressor_sys/topReg.sv Line: 10
    Warning (15610): No output dependent on input pin "PCcpu[22]" File: C:/Users/estea/Desktop/TFG/ISA_indep_decode_sys/decompressor_sys/topReg.sv Line: 10
    Warning (15610): No output dependent on input pin "PCcpu[23]" File: C:/Users/estea/Desktop/TFG/ISA_indep_decode_sys/decompressor_sys/topReg.sv Line: 10
    Warning (15610): No output dependent on input pin "PCcpu[24]" File: C:/Users/estea/Desktop/TFG/ISA_indep_decode_sys/decompressor_sys/topReg.sv Line: 10
    Warning (15610): No output dependent on input pin "PCcpu[25]" File: C:/Users/estea/Desktop/TFG/ISA_indep_decode_sys/decompressor_sys/topReg.sv Line: 10
    Warning (15610): No output dependent on input pin "PCcpu[26]" File: C:/Users/estea/Desktop/TFG/ISA_indep_decode_sys/decompressor_sys/topReg.sv Line: 10
    Warning (15610): No output dependent on input pin "PCcpu[27]" File: C:/Users/estea/Desktop/TFG/ISA_indep_decode_sys/decompressor_sys/topReg.sv Line: 10
    Warning (15610): No output dependent on input pin "PCcpu[28]" File: C:/Users/estea/Desktop/TFG/ISA_indep_decode_sys/decompressor_sys/topReg.sv Line: 10
    Warning (15610): No output dependent on input pin "PCcpu[29]" File: C:/Users/estea/Desktop/TFG/ISA_indep_decode_sys/decompressor_sys/topReg.sv Line: 10
    Warning (15610): No output dependent on input pin "PCcpu[30]" File: C:/Users/estea/Desktop/TFG/ISA_indep_decode_sys/decompressor_sys/topReg.sv Line: 10
    Warning (15610): No output dependent on input pin "PCcpu[31]" File: C:/Users/estea/Desktop/TFG/ISA_indep_decode_sys/decompressor_sys/topReg.sv Line: 10
Info (21057): Implemented 66 device resources after synthesis - the final resource count might be different
    Info (21058): Implemented 34 input pins
    Info (21059): Implemented 32 output pins
Info: Quartus Prime Analysis & Synthesis was successful. 0 errors, 108 warnings
    Info: Peak virtual memory: 4803 megabytes
    Info: Processing ended: Sat Sep 11 21:27:32 2021
    Info: Elapsed time: 00:00:24
    Info: Total CPU time (on all processors): 00:00:45


+------------------------------------------+
; Analysis & Synthesis Suppressed Messages ;
+------------------------------------------+
The suppressed messages can be found in C:/Users/estea/Desktop/TFG/ISA_indep_decode_sys/decompressor_sys/output_files/DecompressorModule.map.smsg.


